Flutter crash report; please file at https://github.com/flutter/flutter/issues.

## command

flutter run --machine --target lib\main.dart -d d222b8f0 --track-widget-creation --start-paused

## exception

FileSystemException: FileSystemException: Cannot open file, path = 'D:\Flutter\Projects\Vtop-Redefined\.flutter-plugins-dependencies' (OS Error: The requested operation cannot be performed on a file with a user-mapped section open.
, errno = 1224)

```
#0      _File.throwIfError (dart:io/file_impl.dart:645:7)
#1      _File.openSync (dart:io/file_impl.dart:489:5)
#2      _File.writeAsBytesSync (dart:io/file_impl.dart:614:31)
#3      _File.writeAsStringSync (dart:io/file_impl.dart:638:5)
#4      ForwardingFile.writeAsStringSync (package:file/src/forwarding/forwarding_file.dart:154:16)
#5      _writeFlutterPluginsList (package:flutter_tools/src/plugins.dart:440:15)
#6      refreshPluginsList (package:flutter_tools/src/plugins.dart:1057:24)
#7      FlutterProject.ensureReadyForPlatformSpecificTooling (package:flutter_tools/src/project.dart:210:5)
#8      FlutterCommand.verifyThenRunCommand (package:flutter_tools/src/runner/flutter_command.dart:700:21)
<asynchronous suspension>
#9      FlutterCommand.run.<anonymous closure> (package:flutter_tools/src/runner/flutter_command.dart:612:33)
<asynchronous suspension>
#10     FlutterCommand.run.<anonymous closure> (package:flutter_tools/src/runner/flutter_command.dart)
#11     AppContext.run.<anonymous closure> (package:flutter_tools/src/base/context.dart:150:29)
#12     _rootRun (dart:async/zone.dart:1147:13)
#13     _CustomZone.run (dart:async/zone.dart:1040:19)
#14     _runZoned (dart:async/zone.dart:1539:10)
#15     runZoned (dart:async/zone.dart:1486:12)
#16     AppContext.run (package:flutter_tools/src/base/context.dart:149:18)
#17     FlutterCommand.run (package:flutter_tools/src/runner/flutter_command.dart:602:20)
#18     CommandRunner.runCommand (package:args/command_runner.dart:197:27)
#19     FlutterCommandRunner.runCommand.<anonymous closure> (package:flutter_tools/src/runner/flutter_command_runner.dart:339:21)
<asynchronous suspension>
#20     FlutterCommandRunner.runCommand.<anonymous closure> (package:flutter_tools/src/runner/flutter_command_runner.dart)
#21     AppContext.run.<anonymous closure> (package:flutter_tools/src/base/context.dart:150:29)
#22     _rootRun (dart:async/zone.dart:1147:13)
#23     _CustomZone.run (dart:async/zone.dart:1040:19)
#24     _runZoned (dart:async/zone.dart:1539:10)
#25     runZoned (dart:async/zone.dart:1486:12)
#26     AppContext.run (package:flutter_tools/src/base/context.dart:149:18)
#27     FlutterCommandRunner.runCommand (package:flutter_tools/src/runner/flutter_command_runner.dart:288:19)
#28     CommandRunner.run.<anonymous closure> (package:args/command_runner.dart:112:25)
#29     new Future.sync (dart:async/future.dart:224:31)
#30     CommandRunner.run (package:args/command_runner.dart:112:14)
#31     FlutterCommandRunner.run (package:flutter_tools/src/runner/flutter_command_runner.dart:231:18)
#32     run.<anonymous closure>.<anonymous closure> (package:flutter_tools/runner.dart:62:22)
#33     _rootRun (dart:async/zone.dart:1147:13)
#34     _CustomZone.run (dart:async/zone.dart:1040:19)
#35     _runZoned (dart:async/zone.dart:1539:10)
#36     runZoned (dart:async/zone.dart:1523:12)
#37     run.<anonymous closure> (package:flutter_tools/runner.dart:60:18)
<asynchronous suspension>
#38     run.<anonymous closure> (package:flutter_tools/runner.dart)
#39     runInContext.runnerWrapper (package:flutter_tools/src/context_runner.dart:67:18)
<asynchronous suspension>
#40     runInContext.runnerWrapper (package:flutter_tools/src/context_runner.dart)
#41     AppContext.run.<anonymous closure> (package:flutter_tools/src/base/context.dart:150:29)
#42     _rootRun (dart:async/zone.dart:1147:13)
#43     _CustomZone.run (dart:async/zone.dart:1040:19)
#44     _runZoned (dart:async/zone.dart:1539:10)
#45     runZoned (dart:async/zone.dart:1486:12)
#46     AppContext.run (package:flutter_tools/src/base/context.dart:149:18)
#47     runInContext (package:flutter_tools/src/context_runner.dart:70:24)
#48     run (package:flutter_tools/runner.dart:47:10)
#49     main (package:flutter_tools/executable.dart:69:9)
#50     main (file:///D:/Flutter/flutter/packages/flutter_tools/bin/flutter_tools.dart:8:3)
#51     _startIsolate.<anonymous closure> (dart:isolate-patch/isolate_patch.dart:299:32)
#52     _RawReceivePortImpl._handleMessage (dart:isolate-patch/isolate_patch.dart:168:12)
```

## flutter doctor

```
[✓] Flutter (Channel dev, v1.16.2, on Microsoft Windows [Version 10.0.18363.720], locale en-IN)
    • Flutter version 1.16.2 at D:\Flutter\flutter
    • Framework revision 58cad787d8 (6 days ago), 2020-03-23 08:33:41 -0700
    • Engine revision 2d42c74a34
    • Dart version 2.8.0 (build 2.8.0-dev.16.0 ba8baa46b4)

[!] Android toolchain - develop for Android devices (Android SDK version 29.0.3)
    • Android SDK at C:\Users\somsu\AppData\Local\Android\sdk
    • Android NDK location not configured (optional; useful for native profiling support)
    • Platform android-29, build-tools 29.0.3
    • Java binary at: C:\Program Files\Android\Android Studio\jre\bin\java
    • Java version OpenJDK Runtime Environment (build 1.8.0_202-release-1483-b03)
    ! Some Android licenses not accepted.  To resolve this, run: flutter doctor --android-licenses

[✓] Chrome - develop for the web
    • Chrome at C:\Program Files (x86)\Google\Chrome\Application\chrome.exe

[✓] Android Studio (version 3.5)
    • Android Studio at C:\Program Files\Android\Android Studio
    • Flutter plugin version 44.0.1
    • Dart plugin version 191.8593
    • Java version OpenJDK Runtime Environment (build 1.8.0_202-release-1483-b03)

[✓] IntelliJ IDEA Community Edition (version 2019.3)
    • IntelliJ at C:\Program Files\JetBrains\IntelliJ IDEA Community Edition 2019.3.2
    • Flutter plugin version 43.0.3
    • Dart plugin version 193.6015.53

[✓] VS Code (version 1.43.2)
    • VS Code at C:\Users\somsu\AppData\Local\Programs\Microsoft VS Code
    • Flutter extension version 3.8.1

[✓] Connected device (3 available)
    • POCO F1    • d222b8f0   • android-arm64  • Android 10 (API 29)
    • Chrome     • chrome     • web-javascript • Google Chrome 80.0.3987.149
    • Web Server • web-server • web-javascript • Flutter Tools

! Doctor found issues in 1 category.
```
