Flutter crash report; please file at https://github.com/flutter/flutter/issues.

## command

flutter packages get

## exception

FileSystemException: FileSystemException: Cannot open file, path = 'D:\Flutter\Projects\Vtop-Redefined\.flutter-plugins-dependencies' (OS Error: The requested operation cannot be performed on a file with a user-mapped section open.
, errno = 1224)

```
#0      _File.throwIfError (dart:io/file_impl.dart:645:7)
#1      _File.openSync (dart:io/file_impl.dart:489:5)
#2      _File.writeAsBytesSync (dart:io/file_impl.dart:614:31)
#3      _File.writeAsStringSync (dart:io/file_impl.dart:638:5)
#4      ForwardingFile.writeAsStringSync (package:file/src/forwarding/forwarding_file.dart:154:16)
#5      _writeFlutterPluginsList (package:flutter_tools/src/plugins.dart:440:15)
#6      refreshPluginsList (package:flutter_tools/src/plugins.dart:1057:24)
#7      FlutterProject.ensureReadyForPlatformSpecificTooling (package:flutter_tools/src/project.dart:210:5)
#8      PackagesGetCommand.runCommand (package:flutter_tools/src/commands/packages.dart:127:23)
<asynchronous suspension>
#9      FlutterCommand.verifyThenRunCommand (package:flutter_tools/src/runner/flutter_command.dart:715:18)
#10     _rootRunUnary (dart:async/zone.dart:1155:38)
#11     _CustomZone.runUnary (dart:async/zone.dart:1048:19)
#12     _FutureListener.handleValue (dart:async/future_impl.dart:141:18)
#13     Future._propagateToListeners.handleValueCallback (dart:async/future_impl.dart:682:45)
#14     Future._propagateToListeners (dart:async/future_impl.dart:711:32)
#15     Future._completeWithValue (dart:async/future_impl.dart:526:5)
#16     Future._asyncComplete.<anonymous closure> (dart:async/future_impl.dart:556:7)
#17     _rootRun (dart:async/zone.dart:1147:13)
#18     _CustomZone.run (dart:async/zone.dart:1040:19)
#19     _CustomZone.runGuarded (dart:async/zone.dart:942:7)
#20     _CustomZone.bindCallbackGuarded.<anonymous closure> (dart:async/zone.dart:982:23)
#21     _microtaskLoop (dart:async/schedule_microtask.dart:43:21)
#22     _startMicrotaskLoop (dart:async/schedule_microtask.dart:52:5)
#23     _runPendingImmediateCallback (dart:isolate-patch/isolate_patch.dart:118:13)
#24     _RawReceivePortImpl._handleMessage (dart:isolate-patch/isolate_patch.dart:169:5)
```

## flutter doctor

```
[✓] Flutter (Channel dev, v1.16.2, on Microsoft Windows [Version 10.0.18363.720], locale en-IN)
    • Flutter version 1.16.2 at D:\Flutter\flutter
    • Framework revision 58cad787d8 (6 days ago), 2020-03-23 08:33:41 -0700
    • Engine revision 2d42c74a34
    • Dart version 2.8.0 (build 2.8.0-dev.16.0 ba8baa46b4)

[!] Android toolchain - develop for Android devices (Android SDK version 29.0.3)
    • Android SDK at C:\Users\somsu\AppData\Local\Android\sdk
    • Android NDK location not configured (optional; useful for native profiling support)
    • Platform android-29, build-tools 29.0.3
    • Java binary at: C:\Program Files\Android\Android Studio\jre\bin\java
    • Java version OpenJDK Runtime Environment (build 1.8.0_202-release-1483-b03)
    ! Some Android licenses not accepted.  To resolve this, run: flutter doctor --android-licenses

[✓] Chrome - develop for the web
    • Chrome at C:\Program Files (x86)\Google\Chrome\Application\chrome.exe

[✓] Android Studio (version 3.5)
    • Android Studio at C:\Program Files\Android\Android Studio
    • Flutter plugin version 44.0.1
    • Dart plugin version 191.8593
    • Java version OpenJDK Runtime Environment (build 1.8.0_202-release-1483-b03)

[✓] IntelliJ IDEA Community Edition (version 2019.3)
    • IntelliJ at C:\Program Files\JetBrains\IntelliJ IDEA Community Edition 2019.3.2
    • Flutter plugin version 43.0.3
    • Dart plugin version 193.6015.53

[✓] VS Code (version 1.43.2)
    • VS Code at C:\Users\somsu\AppData\Local\Programs\Microsoft VS Code
    • Flutter extension version 3.8.1

[✓] Connected device (3 available)
    • POCO F1    • d222b8f0   • android-arm64  • Android 10 (API 29)
    • Chrome     • chrome     • web-javascript • Google Chrome 80.0.3987.149
    • Web Server • web-server • web-javascript • Flutter Tools

! Doctor found issues in 1 category.
```
